HikariPool-1 - Thread starvation or clock leap detected (housekeeper delta=9m47s598ms).
HikariPool-1 - Thread starvation or clock leap detected (housekeeper delta=14m6s506ms).
HikariPool-1 - Thread starvation or clock leap detected (housekeeper delta=9m48s859ms).
HikariPool-1 - Thread starvation or clock leap detected (housekeeper delta=9m48s289ms).
HikariPool-1 - Thread starvation or clock leap detected (housekeeper delta=9m47s997ms).
HikariPool-1 - Thread starvation or clock leap detected (housekeeper delta=9m48s28ms).
HikariPool-1 - Thread starvation or clock leap detected (housekeeper delta=9m48s665ms).
HikariPool-1 - Thread starvation or clock leap detected (housekeeper delta=6m17s4ms).
HikariPool-1 - Thread starvation or clock leap detected (housekeeper delta=9m42s99ms).
HikariPool-1 - Thread starvation or clock leap detected (housekeeper delta=9m50s544ms).
HikariPool-1 - Thread starvation or clock leap detected (housekeeper delta=14m9s460ms).
HikariPool-1 - Thread starvation or clock leap detected (housekeeper delta=9m50s718ms).
HikariPool-1 - Thread starvation or clock leap detected (housekeeper delta=9m50s629ms).
HikariPool-1 - Thread starvation or clock leap detected (housekeeper delta=9m51s620ms).
HikariPool-1 - Thread starvation or clock leap detected (housekeeper delta=9m51s686ms).
HikariPool-1 - Thread starvation or clock leap detected (housekeeper delta=9m51s61ms).
HikariPool-1 - Thread starvation or clock leap detected (housekeeper delta=9m50s203ms).
HikariPool-1 - Thread starvation or clock leap detected (housekeeper delta=9m51s431ms).
HikariPool-1 - Thread starvation or clock leap detected (housekeeper delta=9m50s192ms).
HikariPool-1 - Thread starvation or clock leap detected (housekeeper delta=9m51s129ms).
HikariPool-1 - Thread starvation or clock leap detected (housekeeper delta=9m51s215ms).
HikariPool-1 - Thread starvation or clock leap detected (housekeeper delta=9m50s567ms).
HikariPool-1 - Thread starvation or clock leap detected (housekeeper delta=9m50s642ms).
HikariPool-1 - Thread starvation or clock leap detected (housekeeper delta=9m50s306ms).
HikariPool-1 - Thread starvation or clock leap detected (housekeeper delta=9m51s117ms).
HikariPool-1 - Thread starvation or clock leap detected (housekeeper delta=9m50s468ms).
HikariPool-1 - Thread starvation or clock leap detected (housekeeper delta=9m51s110ms).
HikariPool-1 - Thread starvation or clock leap detected (housekeeper delta=9m50s355ms).
HikariPool-1 - Thread starvation or clock leap detected (housekeeper delta=9m51s160ms).
HikariPool-1 - Thread starvation or clock leap detected (housekeeper delta=9m50s870ms).
HikariPool-1 - Thread starvation or clock leap detected (housekeeper delta=9m50s640ms).
HikariPool-1 - Thread starvation or clock leap detected (housekeeper delta=9m51s347ms).
HikariPool-1 - Thread starvation or clock leap detected (housekeeper delta=9m50s443ms).
HikariPool-1 - Thread starvation or clock leap detected (housekeeper delta=9m52s472ms).
HikariPool-1 - Thread starvation or clock leap detected (housekeeper delta=9m51s521ms).
HikariPool-1 - Thread starvation or clock leap detected (housekeeper delta=9m50s612ms).
HikariPool-1 - Thread starvation or clock leap detected (housekeeper delta=9m50s817ms).
HikariPool-1 - Thread starvation or clock leap detected (housekeeper delta=9m51s996ms).
HikariPool-1 - Thread starvation or clock leap detected (housekeeper delta=9m50s134ms).
HikariPool-1 - Thread starvation or clock leap detected (housekeeper delta=9m51s374ms).
HikariPool-1 - Thread starvation or clock leap detected (housekeeper delta=9m50s891ms).
HikariPool-1 - Thread starvation or clock leap detected (housekeeper delta=9m51s514ms).
HikariPool-1 - Thread starvation or clock leap detected (housekeeper delta=9m50s213ms).
HikariPool-1 - Thread starvation or clock leap detected (housekeeper delta=9m51s575ms).
HikariPool-1 - Thread starvation or clock leap detected (housekeeper delta=9m50s653ms).
HikariPool-1 - Thread starvation or clock leap detected (housekeeper delta=9m52s490ms).
HikariPool-1 - Thread starvation or clock leap detected (housekeeper delta=9m50s837ms).
HikariPool-1 - Thread starvation or clock leap detected (housekeeper delta=9m50s184ms).
HikariPool-1 - Thread starvation or clock leap detected (housekeeper delta=9m51s251ms).
HikariPool-1 - Thread starvation or clock leap detected (housekeeper delta=9m53s635ms).
HikariPool-1 - Thread starvation or clock leap detected (housekeeper delta=9m50s316ms).
HikariPool-1 - Thread starvation or clock leap detected (housekeeper delta=9m51s13ms).
HikariPool-1 - Thread starvation or clock leap detected (housekeeper delta=9m51s277ms).
HikariPool-1 - Thread starvation or clock leap detected (housekeeper delta=9m50s17ms).
HikariPool-1 - Thread starvation or clock leap detected (housekeeper delta=5m21s94ms).
HikariPool-1 - Thread starvation or clock leap detected (housekeeper delta=9m51s439ms).
HikariPool-1 - Thread starvation or clock leap detected (housekeeper delta=9m50s14ms).
HikariPool-1 - Thread starvation or clock leap detected (housekeeper delta=9m51s183ms).
HikariPool-1 - Thread starvation or clock leap detected (housekeeper delta=9m48s84ms).
HikariPool-1 - Thread starvation or clock leap detected (housekeeper delta=9m47s972ms).
HikariPool-1 - Thread starvation or clock leap detected (housekeeper delta=9m48s458ms).
HikariPool-1 - Thread starvation or clock leap detected (housekeeper delta=9m48s127ms).
HikariPool-1 - Thread starvation or clock leap detected (housekeeper delta=14m5s967ms).
HikariPool-1 - Thread starvation or clock leap detected (housekeeper delta=9m48s586ms).
HikariPool-1 - Thread starvation or clock leap detected (housekeeper delta=9m48s76ms).
HikariPool-1 - Thread starvation or clock leap detected (housekeeper delta=9m49s204ms).
HikariPool-1 - Thread starvation or clock leap detected (housekeeper delta=5m18s981ms).
HikariPool-1 - Thread starvation or clock leap detected (housekeeper delta=3m30s776ms).
HikariPool-1 - Thread starvation or clock leap detected (housekeeper delta=19m54s685ms).
Starting SellApplication on dujiachengdembp with PID 1442 (/Users/jc/IdeaProjects/springboot/sell/target/classes started by jc in /Users/jc/IdeaProjects/springboot/sell)
No active profile set, falling back to default profiles: default
Bootstrapping Spring Data repositories in DEFAULT mode.
Finished Spring Data repository scanning in 57ms. Found 2 repository interfaces.
Bean 'org.springframework.transaction.annotation.ProxyTransactionManagementConfiguration' of type [org.springframework.transaction.annotation.ProxyTransactionManagementConfiguration$$EnhancerBySpringCGLIB$$45f26619] is not eligible for getting processed by all BeanPostProcessors (for example: not eligible for auto-proxying)
Tomcat initialized with port(s): 8080 (http)
Initializing ProtocolHandler ["http-nio-8080"]
Starting service [Tomcat]
Starting Servlet engine: [Apache Tomcat/9.0.21]
Initializing Spring embedded WebApplicationContext
Root WebApplicationContext: initialization completed in 1211 ms
HikariPool-1 - Starting...
HikariPool-1 - Start completed.
HHH000204: Processing PersistenceUnitInfo [
	name: default
	...]
HHH000412: Hibernate Core {5.3.10.Final}
HHH000206: hibernate.properties not found
HCANN000001: Hibernate Commons Annotations {5.0.4.Final}
HHH000400: Using dialect: org.hibernate.dialect.MySQL5Dialect
Initialized JPA EntityManagerFactory for persistence unit 'default'
Initializing ExecutorService 'applicationTaskExecutor'
spring.jpa.open-in-view is enabled by default. Therefore, database queries may be performed during view rendering. Explicitly configure spring.jpa.open-in-view to disable this warning
Starting ProtocolHandler ["http-nio-8080"]
Tomcat started on port(s): 8080 (http) with context path '/sell'
Started SellApplication in 4.372 seconds (JVM running for 7.61)
Initializing Spring DispatcherServlet 'dispatcherServlet'
Initializing Servlet 'dispatcherServlet'
Completed initialization in 8 ms
HHH000397: Using ASTQueryTranslatorFactory
Shutting down ExecutorService 'applicationTaskExecutor'
Closing JPA EntityManagerFactory for persistence unit 'default'
HikariPool-1 - Shutdown initiated...
HikariPool-1 - Shutdown completed.
Starting SellApplication on dujiachengdembp with PID 1457 (/Users/jc/IdeaProjects/springboot/sell/target/classes started by jc in /Users/jc/IdeaProjects/springboot/sell)
No active profile set, falling back to default profiles: default
Bootstrapping Spring Data repositories in DEFAULT mode.
Finished Spring Data repository scanning in 55ms. Found 2 repository interfaces.
Bean 'org.springframework.transaction.annotation.ProxyTransactionManagementConfiguration' of type [org.springframework.transaction.annotation.ProxyTransactionManagementConfiguration$$EnhancerBySpringCGLIB$$b2f5bd50] is not eligible for getting processed by all BeanPostProcessors (for example: not eligible for auto-proxying)
Tomcat initialized with port(s): 8080 (http)
Initializing ProtocolHandler ["http-nio-8080"]
Starting service [Tomcat]
Starting Servlet engine: [Apache Tomcat/9.0.21]
Initializing Spring embedded WebApplicationContext
Root WebApplicationContext: initialization completed in 1208 ms
HikariPool-1 - Starting...
HikariPool-1 - Start completed.
HHH000204: Processing PersistenceUnitInfo [
	name: default
	...]
HHH000412: Hibernate Core {5.3.10.Final}
HHH000206: hibernate.properties not found
HCANN000001: Hibernate Commons Annotations {5.0.4.Final}
HHH000400: Using dialect: org.hibernate.dialect.MySQL5Dialect
Initialized JPA EntityManagerFactory for persistence unit 'default'
Initializing ExecutorService 'applicationTaskExecutor'
spring.jpa.open-in-view is enabled by default. Therefore, database queries may be performed during view rendering. Explicitly configure spring.jpa.open-in-view to disable this warning
Starting ProtocolHandler ["http-nio-8080"]
Tomcat started on port(s): 8080 (http) with context path '/sell'
Started SellApplication in 3.7 seconds (JVM running for 4.286)
Initializing Spring DispatcherServlet 'dispatcherServlet'
Initializing Servlet 'dispatcherServlet'
Completed initialization in 6 ms
HHH000397: Using ASTQueryTranslatorFactory
Shutting down ExecutorService 'applicationTaskExecutor'
Closing JPA EntityManagerFactory for persistence unit 'default'
HikariPool-1 - Shutdown initiated...
HikariPool-1 - Shutdown completed.
Starting SellApplication on dujiachengdembp with PID 1498 (/Users/jc/IdeaProjects/springboot/sell/target/classes started by jc in /Users/jc/IdeaProjects/springboot/sell)
No active profile set, falling back to default profiles: default
Bootstrapping Spring Data repositories in DEFAULT mode.
Finished Spring Data repository scanning in 58ms. Found 2 repository interfaces.
Bean 'org.springframework.transaction.annotation.ProxyTransactionManagementConfiguration' of type [org.springframework.transaction.annotation.ProxyTransactionManagementConfiguration$$EnhancerBySpringCGLIB$$bf474b30] is not eligible for getting processed by all BeanPostProcessors (for example: not eligible for auto-proxying)
Tomcat initialized with port(s): 8080 (http)
Initializing ProtocolHandler ["http-nio-8080"]
Starting service [Tomcat]
Starting Servlet engine: [Apache Tomcat/9.0.21]
Initializing Spring embedded WebApplicationContext
Root WebApplicationContext: initialization completed in 1183 ms
HikariPool-1 - Starting...
HikariPool-1 - Start completed.
HHH000204: Processing PersistenceUnitInfo [
	name: default
	...]
HHH000412: Hibernate Core {5.3.10.Final}
HHH000206: hibernate.properties not found
HCANN000001: Hibernate Commons Annotations {5.0.4.Final}
HHH000400: Using dialect: org.hibernate.dialect.MySQL5Dialect
Initialized JPA EntityManagerFactory for persistence unit 'default'
Initializing ExecutorService 'applicationTaskExecutor'
spring.jpa.open-in-view is enabled by default. Therefore, database queries may be performed during view rendering. Explicitly configure spring.jpa.open-in-view to disable this warning
Starting ProtocolHandler ["http-nio-8080"]
Tomcat started on port(s): 8080 (http) with context path '/sell'
Started SellApplication in 3.878 seconds (JVM running for 4.332)
HikariPool-1 - Thread starvation or clock leap detected (housekeeper delta=1m58s181ms).
HikariPool-1 - Thread starvation or clock leap detected (housekeeper delta=37m37s666ms).
HikariPool-1 - Thread starvation or clock leap detected (housekeeper delta=1m6s679ms).
