HikariPool-1 - Thread starvation or clock leap detected (housekeeper delta=12h11m10s999ms).
HikariPool-1 - Thread starvation or clock leap detected (housekeeper delta=14h43m49s76ms).
Shutting down ExecutorService 'applicationTaskExecutor'
Closing JPA EntityManagerFactory for persistence unit 'default'
HikariPool-1 - Shutdown initiated...
HikariPool-1 - Shutdown completed.
Starting SellApplication on dujiachengdeMBP.lan with PID 19190 (/Users/jc/IdeaProjects/springboot/sell/target/classes started by jc in /Users/jc/IdeaProjects/springboot/sell)
No active profile set, falling back to default profiles: default
Bootstrapping Spring Data repositories in DEFAULT mode.
Finished Spring Data repository scanning in 82ms. Found 4 repository interfaces.
Bean 'org.springframework.transaction.annotation.ProxyTransactionManagementConfiguration' of type [org.springframework.transaction.annotation.ProxyTransactionManagementConfiguration$$EnhancerBySpringCGLIB$$299f45cf] is not eligible for getting processed by all BeanPostProcessors (for example: not eligible for auto-proxying)
Tomcat initialized with port(s): 8080 (http)
Initializing ProtocolHandler ["http-nio-8080"]
Starting service [Tomcat]
Starting Servlet engine: [Apache Tomcat/9.0.21]
Initializing Spring embedded WebApplicationContext
Root WebApplicationContext: initialization completed in 1425 ms
HikariPool-1 - Starting...
HikariPool-1 - Start completed.
HHH000204: Processing PersistenceUnitInfo [
	name: default
	...]
HHH000412: Hibernate Core {5.3.10.Final}
HHH000206: hibernate.properties not found
HCANN000001: Hibernate Commons Annotations {5.0.4.Final}
HHH000400: Using dialect: org.hibernate.dialect.MySQL5Dialect
Initialized JPA EntityManagerFactory for persistence unit 'default'
Initializing ExecutorService 'applicationTaskExecutor'
spring.jpa.open-in-view is enabled by default. Therefore, database queries may be performed during view rendering. Explicitly configure spring.jpa.open-in-view to disable this warning
Starting ProtocolHandler ["http-nio-8080"]
Tomcat started on port(s): 8080 (http) with context path '/sell'
Started SellApplication in 5.613 seconds (JVM running for 6.275)
Shutting down ExecutorService 'applicationTaskExecutor'
Closing JPA EntityManagerFactory for persistence unit 'default'
HikariPool-1 - Shutdown initiated...
HikariPool-1 - Shutdown completed.
Starting SellApplication on dujiachengdeMBP.lan with PID 19194 (/Users/jc/IdeaProjects/springboot/sell/target/classes started by jc in /Users/jc/IdeaProjects/springboot/sell)
No active profile set, falling back to default profiles: default
Bootstrapping Spring Data repositories in DEFAULT mode.
Finished Spring Data repository scanning in 71ms. Found 4 repository interfaces.
Bean 'org.springframework.transaction.annotation.ProxyTransactionManagementConfiguration' of type [org.springframework.transaction.annotation.ProxyTransactionManagementConfiguration$$EnhancerBySpringCGLIB$$ca79df2] is not eligible for getting processed by all BeanPostProcessors (for example: not eligible for auto-proxying)
Tomcat initialized with port(s): 8080 (http)
Initializing ProtocolHandler ["http-nio-8080"]
Starting service [Tomcat]
Starting Servlet engine: [Apache Tomcat/9.0.21]
Initializing Spring embedded WebApplicationContext
Root WebApplicationContext: initialization completed in 1307 ms
HikariPool-1 - Starting...
HikariPool-1 - Start completed.
HHH000204: Processing PersistenceUnitInfo [
	name: default
	...]
HHH000412: Hibernate Core {5.3.10.Final}
HHH000206: hibernate.properties not found
HCANN000001: Hibernate Commons Annotations {5.0.4.Final}
HHH000400: Using dialect: org.hibernate.dialect.MySQL5Dialect
Initialized JPA EntityManagerFactory for persistence unit 'default'
Initializing ExecutorService 'applicationTaskExecutor'
spring.jpa.open-in-view is enabled by default. Therefore, database queries may be performed during view rendering. Explicitly configure spring.jpa.open-in-view to disable this warning
Starting ProtocolHandler ["http-nio-8080"]
Tomcat started on port(s): 8080 (http) with context path '/sell'
Started SellApplication in 4.652 seconds (JVM running for 5.157)
Initializing Spring DispatcherServlet 'dispatcherServlet'
Initializing Servlet 'dispatcherServlet'
Completed initialization in 9 ms
HHH000397: Using ASTQueryTranslatorFactory
HikariPool-1 - Thread starvation or clock leap detected (housekeeper delta=9m47s203ms).
HikariPool-1 - Thread starvation or clock leap detected (housekeeper delta=9m48s396ms).
HikariPool-1 - Thread starvation or clock leap detected (housekeeper delta=9m48s151ms).
HikariPool-1 - Thread starvation or clock leap detected (housekeeper delta=5m3s55ms).
HikariPool-1 - Thread starvation or clock leap detected (housekeeper delta=2m44s778ms).
HikariPool-1 - Thread starvation or clock leap detected (housekeeper delta=3m1s11ms).
HikariPool-1 - Thread starvation or clock leap detected (housekeeper delta=9m48s39ms).
HikariPool-1 - Thread starvation or clock leap detected (housekeeper delta=9m47s932ms).
HikariPool-1 - Thread starvation or clock leap detected (housekeeper delta=4m30s976ms).
HikariPool-1 - Thread starvation or clock leap detected (housekeeper delta=3m39s854ms).
HikariPool-1 - Thread starvation or clock leap detected (housekeeper delta=9m48s100ms).
HikariPool-1 - Thread starvation or clock leap detected (housekeeper delta=9m48s59ms).
HikariPool-1 - Thread starvation or clock leap detected (housekeeper delta=6m21s43ms).
HikariPool-1 - Thread starvation or clock leap detected (housekeeper delta=9m47s228ms).
HikariPool-1 - Thread starvation or clock leap detected (housekeeper delta=9m48s513ms).
HikariPool-1 - Thread starvation or clock leap detected (housekeeper delta=9m48s61ms).
HikariPool-1 - Thread starvation or clock leap detected (housekeeper delta=9m48s36ms).
HikariPool-1 - Thread starvation or clock leap detected (housekeeper delta=9m48s57ms).
HikariPool-1 - Thread starvation or clock leap detected (housekeeper delta=9m48s50ms).
HikariPool-1 - Thread starvation or clock leap detected (housekeeper delta=9m48s55ms).
HikariPool-1 - Thread starvation or clock leap detected (housekeeper delta=7m43s36ms).
HikariPool-1 - Thread starvation or clock leap detected (housekeeper delta=29m24s111ms).
HikariPool-1 - Thread starvation or clock leap detected (housekeeper delta=18m23s829ms).
HikariPool-1 - Thread starvation or clock leap detected (housekeeper delta=9m47s735ms).
HikariPool-1 - Thread starvation or clock leap detected (housekeeper delta=4m10s164ms).
Shutting down ExecutorService 'applicationTaskExecutor'
Closing JPA EntityManagerFactory for persistence unit 'default'
HikariPool-1 - Shutdown initiated...
HikariPool-1 - Shutdown completed.
