HikariPool-1 - Thread starvation or clock leap detected (housekeeper delta=9m47s148ms).
HikariPool-1 - Thread starvation or clock leap detected (housekeeper delta=9m48s305ms).
HikariPool-1 - Thread starvation or clock leap detected (housekeeper delta=9m47s272ms).
HikariPool-1 - Thread starvation or clock leap detected (housekeeper delta=9m48s275ms).
HikariPool-1 - Thread starvation or clock leap detected (housekeeper delta=9m47s788ms).
HikariPool-1 - Thread starvation or clock leap detected (housekeeper delta=9m48s174ms).
HikariPool-1 - Thread starvation or clock leap detected (housekeeper delta=9m48s298ms).
HikariPool-1 - Thread starvation or clock leap detected (housekeeper delta=9m47s121ms).
HikariPool-1 - Thread starvation or clock leap detected (housekeeper delta=9m48s633ms).
HikariPool-1 - Thread starvation or clock leap detected (housekeeper delta=9m47s318ms).
HikariPool-1 - Thread starvation or clock leap detected (housekeeper delta=9m48s256ms).
HikariPool-1 - Thread starvation or clock leap detected (housekeeper delta=9m47s462ms).
HikariPool-1 - Thread starvation or clock leap detected (housekeeper delta=9m47s297ms).
HikariPool-1 - Thread starvation or clock leap detected (housekeeper delta=9m48s452ms).
HikariPool-1 - Thread starvation or clock leap detected (housekeeper delta=7m52s346ms).
HikariPool-1 - Thread starvation or clock leap detected (housekeeper delta=9m41s307ms).
HikariPool-1 - Thread starvation or clock leap detected (housekeeper delta=9m52s93ms).
HikariPool-1 - Thread starvation or clock leap detected (housekeeper delta=9m50s860ms).
HikariPool-1 - Thread starvation or clock leap detected (housekeeper delta=9m50s869ms).
HikariPool-1 - Thread starvation or clock leap detected (housekeeper delta=9m51s170ms).
HikariPool-1 - Thread starvation or clock leap detected (housekeeper delta=9m50s829ms).
HikariPool-1 - Thread starvation or clock leap detected (housekeeper delta=9m51s358ms).
HikariPool-1 - Thread starvation or clock leap detected (housekeeper delta=9m50s756ms).
HikariPool-1 - Thread starvation or clock leap detected (housekeeper delta=9m51s278ms).
HikariPool-1 - Thread starvation or clock leap detected (housekeeper delta=9m51s776ms).
HikariPool-1 - Thread starvation or clock leap detected (housekeeper delta=9m51s917ms).
HikariPool-1 - Thread starvation or clock leap detected (housekeeper delta=9m51s274ms).
HikariPool-1 - Thread starvation or clock leap detected (housekeeper delta=9m52s723ms).
HikariPool-1 - Thread starvation or clock leap detected (housekeeper delta=9m51s184ms).
HikariPool-1 - Thread starvation or clock leap detected (housekeeper delta=9m51s257ms).
HikariPool-1 - Thread starvation or clock leap detected (housekeeper delta=9m51s500ms).
HikariPool-1 - Thread starvation or clock leap detected (housekeeper delta=9m50s588ms).
HikariPool-1 - Thread starvation or clock leap detected (housekeeper delta=9m51s988ms).
HikariPool-1 - Thread starvation or clock leap detected (housekeeper delta=9m50s758ms).
HikariPool-1 - Thread starvation or clock leap detected (housekeeper delta=9m51s242ms).
HikariPool-1 - Thread starvation or clock leap detected (housekeeper delta=9m51s114ms).
HikariPool-1 - Thread starvation or clock leap detected (housekeeper delta=9m51s781ms).
HikariPool-1 - Thread starvation or clock leap detected (housekeeper delta=9m51s274ms).
HikariPool-1 - Thread starvation or clock leap detected (housekeeper delta=9m51s714ms).
HikariPool-1 - Thread starvation or clock leap detected (housekeeper delta=9m50s585ms).
HikariPool-1 - Thread starvation or clock leap detected (housekeeper delta=9m51s427ms).
HikariPool-1 - Thread starvation or clock leap detected (housekeeper delta=9m51s546ms).
HikariPool-1 - Thread starvation or clock leap detected (housekeeper delta=9m51s461ms).
HikariPool-1 - Thread starvation or clock leap detected (housekeeper delta=9m51s250ms).
HikariPool-1 - Thread starvation or clock leap detected (housekeeper delta=9m51s365ms).
HikariPool-1 - Thread starvation or clock leap detected (housekeeper delta=9m50s409ms).
HikariPool-1 - Thread starvation or clock leap detected (housekeeper delta=9m51s366ms).
HikariPool-1 - Thread starvation or clock leap detected (housekeeper delta=9m50s585ms).
HikariPool-1 - Thread starvation or clock leap detected (housekeeper delta=3m33s906ms).
HikariPool-1 - Thread starvation or clock leap detected (housekeeper delta=9m48s279ms).
HikariPool-1 - Thread starvation or clock leap detected (housekeeper delta=9m47s764ms).
HikariPool-1 - Thread starvation or clock leap detected (housekeeper delta=9m47s938ms).
HikariPool-1 - Thread starvation or clock leap detected (housekeeper delta=9m49s293ms).
HikariPool-1 - Thread starvation or clock leap detected (housekeeper delta=9m48s34ms).
HikariPool-1 - Thread starvation or clock leap detected (housekeeper delta=1m12s384ms).
HikariPool-1 - Thread starvation or clock leap detected (housekeeper delta=1m39s279ms).
HikariPool-1 - Thread starvation or clock leap detected (housekeeper delta=4m10s52ms).
HikariPool-1 - Thread starvation or clock leap detected (housekeeper delta=9m47s206ms).
HikariPool-1 - Thread starvation or clock leap detected (housekeeper delta=4m44s1ms).
HikariPool-1 - Thread starvation or clock leap detected (housekeeper delta=9m47s643ms).
HikariPool-1 - Thread starvation or clock leap detected (housekeeper delta=9m48s366ms).
HikariPool-1 - Thread starvation or clock leap detected (housekeeper delta=9m47s477ms).
HikariPool-1 - Thread starvation or clock leap detected (housekeeper delta=9m47s381ms).
HikariPool-1 - Thread starvation or clock leap detected (housekeeper delta=9m48s188ms).
HikariPool-1 - Thread starvation or clock leap detected (housekeeper delta=9m46s942ms).
HikariPool-1 - Thread starvation or clock leap detected (housekeeper delta=9m48s403ms).
HikariPool-1 - Thread starvation or clock leap detected (housekeeper delta=9m47s396ms).
HikariPool-1 - Thread starvation or clock leap detected (housekeeper delta=9m48s281ms).
HikariPool-1 - Thread starvation or clock leap detected (housekeeper delta=9m48s158ms).
HikariPool-1 - Thread starvation or clock leap detected (housekeeper delta=9m47s659ms).
HikariPool-1 - Thread starvation or clock leap detected (housekeeper delta=9m48s455ms).
HikariPool-1 - Thread starvation or clock leap detected (housekeeper delta=9m48s439ms).
HikariPool-1 - Thread starvation or clock leap detected (housekeeper delta=9m47s406ms).
HikariPool-1 - Thread starvation or clock leap detected (housekeeper delta=9m48s440ms).
HikariPool-1 - Thread starvation or clock leap detected (housekeeper delta=9m47s748ms).
HikariPool-1 - Thread starvation or clock leap detected (housekeeper delta=3m8s39ms).
Shutting down ExecutorService 'applicationTaskExecutor'
Closing JPA EntityManagerFactory for persistence unit 'default'
HikariPool-1 - Shutdown initiated...
HikariPool-1 - Shutdown completed.
Starting SellApplication on dujiachengdeMacBook-Pro.local with PID 24059 (/Users/jc/IdeaProjects/springboot/sell/target/classes started by jc in /Users/jc/IdeaProjects/springboot/sell)
No active profile set, falling back to default profiles: default
Bootstrapping Spring Data repositories in DEFAULT mode.
Finished Spring Data repository scanning in 106ms. Found 4 repository interfaces.
Bean 'org.springframework.transaction.annotation.ProxyTransactionManagementConfiguration' of type [org.springframework.transaction.annotation.ProxyTransactionManagementConfiguration$$EnhancerBySpringCGLIB$$593f196a] is not eligible for getting processed by all BeanPostProcessors (for example: not eligible for auto-proxying)
Tomcat initialized with port(s): 8080 (http)
Initializing ProtocolHandler ["http-nio-8080"]
Starting service [Tomcat]
Starting Servlet engine: [Apache Tomcat/9.0.21]
Initializing Spring embedded WebApplicationContext
Root WebApplicationContext: initialization completed in 2092 ms
HikariPool-1 - Starting...
HikariPool-1 - Start completed.
HHH000204: Processing PersistenceUnitInfo [
	name: default
	...]
HHH000412: Hibernate Core {5.3.10.Final}
HHH000206: hibernate.properties not found
HCANN000001: Hibernate Commons Annotations {5.0.4.Final}
HHH000400: Using dialect: org.hibernate.dialect.MySQL5Dialect
Initialized JPA EntityManagerFactory for persistence unit 'default'
Initializing ExecutorService 'applicationTaskExecutor'
spring.jpa.open-in-view is enabled by default. Therefore, database queries may be performed during view rendering. Explicitly configure spring.jpa.open-in-view to disable this warning
Starting ProtocolHandler ["http-nio-8080"]
Tomcat started on port(s): 8080 (http) with context path '/sell'
Started SellApplication in 5.919 seconds (JVM running for 6.729)
Initializing Spring DispatcherServlet 'dispatcherServlet'
Initializing Servlet 'dispatcherServlet'
Completed initialization in 8 ms
Resolved [org.springframework.web.bind.MissingServletRequestParameterException: Required String parameter 'orderId' is not present]
HikariPool-1 - Failed to validate connection com.mysql.cj.jdbc.ConnectionImpl@498495c6 (No operations allowed after connection closed.). Possibly consider using a shorter maxLifetime value.
HikariPool-1 - Failed to validate connection com.mysql.cj.jdbc.ConnectionImpl@7bf91fb9 (No operations allowed after connection closed.). Possibly consider using a shorter maxLifetime value.
HikariPool-1 - Failed to validate connection com.mysql.cj.jdbc.ConnectionImpl@62e51d9c (No operations allowed after connection closed.). Possibly consider using a shorter maxLifetime value.
HikariPool-1 - Failed to validate connection com.mysql.cj.jdbc.ConnectionImpl@702d36d (No operations allowed after connection closed.). Possibly consider using a shorter maxLifetime value.
HikariPool-1 - Failed to validate connection com.mysql.cj.jdbc.ConnectionImpl@2f605f4a (No operations allowed after connection closed.). Possibly consider using a shorter maxLifetime value.
HikariPool-1 - Failed to validate connection com.mysql.cj.jdbc.ConnectionImpl@22f5c134 (No operations allowed after connection closed.). Possibly consider using a shorter maxLifetime value.
SQL Error: 0, SQLState: 08003
Shutting down ExecutorService 'applicationTaskExecutor'
Closing JPA EntityManagerFactory for persistence unit 'default'
HikariPool-1 - Shutdown initiated...
HikariPool-1 - Shutdown completed.
Starting SellApplication on dujiachengdeMacBook-Pro.local with PID 24083 (/Users/jc/IdeaProjects/springboot/sell/target/classes started by jc in /Users/jc/IdeaProjects/springboot/sell)
No active profile set, falling back to default profiles: default
Bootstrapping Spring Data repositories in DEFAULT mode.
Finished Spring Data repository scanning in 77ms. Found 4 repository interfaces.
Bean 'org.springframework.transaction.annotation.ProxyTransactionManagementConfiguration' of type [org.springframework.transaction.annotation.ProxyTransactionManagementConfiguration$$EnhancerBySpringCGLIB$$a7db455c] is not eligible for getting processed by all BeanPostProcessors (for example: not eligible for auto-proxying)
Tomcat initialized with port(s): 8080 (http)
Initializing ProtocolHandler ["http-nio-8080"]
Starting service [Tomcat]
Starting Servlet engine: [Apache Tomcat/9.0.21]
Initializing Spring embedded WebApplicationContext
Root WebApplicationContext: initialization completed in 1211 ms
HikariPool-1 - Starting...
HikariPool-1 - Start completed.
HHH000204: Processing PersistenceUnitInfo [
	name: default
	...]
HHH000412: Hibernate Core {5.3.10.Final}
HHH000206: hibernate.properties not found
HCANN000001: Hibernate Commons Annotations {5.0.4.Final}
HHH000400: Using dialect: org.hibernate.dialect.MySQL5Dialect
Initialized JPA EntityManagerFactory for persistence unit 'default'
Initializing ExecutorService 'applicationTaskExecutor'
spring.jpa.open-in-view is enabled by default. Therefore, database queries may be performed during view rendering. Explicitly configure spring.jpa.open-in-view to disable this warning
Starting ProtocolHandler ["http-nio-8080"]
Tomcat started on port(s): 8080 (http) with context path '/sell'
Started SellApplication in 4.221 seconds (JVM running for 4.919)
Initializing Spring DispatcherServlet 'dispatcherServlet'
Initializing Servlet 'dispatcherServlet'
Completed initialization in 9 ms
HHH000397: Using ASTQueryTranslatorFactory
HikariPool-1 - Thread starvation or clock leap detected (housekeeper delta=57s210ms).
HikariPool-1 - Thread starvation or clock leap detected (housekeeper delta=9m49s302ms).
HikariPool-1 - Thread starvation or clock leap detected (housekeeper delta=9m47s66ms).
HikariPool-1 - Thread starvation or clock leap detected (housekeeper delta=9m48s936ms).
HikariPool-1 - Thread starvation or clock leap detected (housekeeper delta=9m47s963ms).
HikariPool-1 - Thread starvation or clock leap detected (housekeeper delta=9m46s885ms).
HikariPool-1 - Thread starvation or clock leap detected (housekeeper delta=9m48s967ms).
HikariPool-1 - Thread starvation or clock leap detected (housekeeper delta=9m47s942ms).
HikariPool-1 - Thread starvation or clock leap detected (housekeeper delta=9m47s977ms).
HikariPool-1 - Thread starvation or clock leap detected (housekeeper delta=9m48s971ms).
HikariPool-1 - Thread starvation or clock leap detected (housekeeper delta=9m49s16ms).
HikariPool-1 - Thread starvation or clock leap detected (housekeeper delta=5m37s959ms).
HikariPool-1 - Thread starvation or clock leap detected (housekeeper delta=1m56s652ms).
Shutting down ExecutorService 'applicationTaskExecutor'
Closing JPA EntityManagerFactory for persistence unit 'default'
HikariPool-1 - Shutdown initiated...
HikariPool-1 - Shutdown completed.
Starting SellApplication on dujiachengdeMacBook-Pro.local with PID 24279 (/Users/jc/IdeaProjects/springboot/sell/target/classes started by jc in /Users/jc/IdeaProjects/springboot/sell)
No active profile set, falling back to default profiles: default
Bootstrapping Spring Data repositories in DEFAULT mode.
Finished Spring Data repository scanning in 74ms. Found 4 repository interfaces.
Bean 'org.springframework.transaction.annotation.ProxyTransactionManagementConfiguration' of type [org.springframework.transaction.annotation.ProxyTransactionManagementConfiguration$$EnhancerBySpringCGLIB$$6a6b0503] is not eligible for getting processed by all BeanPostProcessors (for example: not eligible for auto-proxying)
Tomcat initialized with port(s): 8080 (http)
Initializing ProtocolHandler ["http-nio-8080"]
Starting service [Tomcat]
Starting Servlet engine: [Apache Tomcat/9.0.21]
Initializing Spring embedded WebApplicationContext
Root WebApplicationContext: initialization completed in 1215 ms
HikariPool-1 - Starting...
HikariPool-1 - Start completed.
HHH000204: Processing PersistenceUnitInfo [
	name: default
	...]
HHH000412: Hibernate Core {5.3.10.Final}
HHH000206: hibernate.properties not found
HCANN000001: Hibernate Commons Annotations {5.0.4.Final}
HHH000400: Using dialect: org.hibernate.dialect.MySQL5Dialect
Initialized JPA EntityManagerFactory for persistence unit 'default'
Initializing ExecutorService 'applicationTaskExecutor'
spring.jpa.open-in-view is enabled by default. Therefore, database queries may be performed during view rendering. Explicitly configure spring.jpa.open-in-view to disable this warning
Starting ProtocolHandler ["http-nio-8080"]
Tomcat started on port(s): 8080 (http) with context path '/sell'
Started SellApplication in 4.232 seconds (JVM running for 4.915)
Initializing Spring DispatcherServlet 'dispatcherServlet'
Initializing Servlet 'dispatcherServlet'
Completed initialization in 6 ms
HHH000397: Using ASTQueryTranslatorFactory
【微信支付】request={
  "payTypeEnum": "WXPAY_H5",
  "orderId": "1563769911696261785",
  "orderAmount": 3.2,
  "orderName": "微信点餐订单",
  "openid": "oTgZpwTykQPhdjiI8rWYEgXjWhI8"
}
--> POST https://api.mch.weixin.qq.com/pay/unifiedorder http/1.1
Content-Type: application/xml; charset=utf-8
Content-Length: 493

<xml>
   <appid>wxd898fcb01713c658</appid>
   <mch_id>1483469312</mch_id>
   <nonce_str>he6UFpYzxidiM79B</nonce_str>
   <sign>9189DF313BC6D8C756C5988189C11C29</sign>
   <body>微信点餐订单</body>
   <notify_url>http://jachin2013.natapp1.cc/sell/pay/notify</notify_url>
   <openid>oTgZpwTykQPhdjiI8rWYEgXjWhI8</openid>
   <out_trade_no>1563769911696261785</out_trade_no>
   <spbill_create_ip>8.8.8.8</spbill_create_ip>
   <total_fee>320</total_fee>
   <trade_type>JSAPI</trade_type>
</xml>
--> END POST (493-byte body)
<-- 200 OK https://api.mch.weixin.qq.com/pay/unifiedorder (436ms)
Server: nginx
Date: Tue, 13 Aug 2019 09:10:59 GMT
Content-Type: text/plain
Content-Length: 456
Connection: keep-alive
Keep-Alive: timeout=8

<xml><return_code><![CDATA[SUCCESS]]></return_code>
<return_msg><![CDATA[OK]]></return_msg>
<appid><![CDATA[wxd898fcb01713c658]]></appid>
<mch_id><![CDATA[1483469312]]></mch_id>
<nonce_str><![CDATA[JyPpFYYhSN6SXu3Z]]></nonce_str>
<sign><![CDATA[82802242CD83B923AD904FB4A4517B1F]]></sign>
<result_code><![CDATA[SUCCESS]]></result_code>
<prepay_id><![CDATA[wx13171059613676ef216503c21410824800]]></prepay_id>
<trade_type><![CDATA[JSAPI]]></trade_type>
</xml>
<-- END HTTP (456-byte body)
【微信支付】response={
  "appId": "wxd898fcb01713c658",
  "timeStamp": "1565687482",
  "nonceStr": "KlomfUqQM48l8IG2",
  "packAge": "prepay_id\u003dwx13171059613676ef216503c21410824800",
  "signType": "MD5",
  "paySign": "B9CEF52096DA9A2A22F14172A73EB206"
}
【微信支付】request={
  "payTypeEnum": "WXPAY_H5",
  "orderId": "1563769911696261785",
  "orderAmount": 3.2,
  "orderName": "微信点餐订单",
  "openid": "oTgZpwTykQPhdjiI8rWYEgXjWhI8"
}
--> POST https://api.mch.weixin.qq.com/pay/unifiedorder http/1.1
Content-Type: application/xml; charset=utf-8
Content-Length: 493

<xml>
   <appid>wxd898fcb01713c658</appid>
   <mch_id>1483469312</mch_id>
   <nonce_str>6qxIYb8aE7NLc9Qi</nonce_str>
   <sign>5551971D75CD8D43C45E69AE06E5A8AA</sign>
   <body>微信点餐订单</body>
   <notify_url>http://jachin2013.natapp1.cc/sell/pay/notify</notify_url>
   <openid>oTgZpwTykQPhdjiI8rWYEgXjWhI8</openid>
   <out_trade_no>1563769911696261785</out_trade_no>
   <spbill_create_ip>8.8.8.8</spbill_create_ip>
   <total_fee>320</total_fee>
   <trade_type>JSAPI</trade_type>
</xml>
--> END POST (493-byte body)
<-- 200 OK https://api.mch.weixin.qq.com/pay/unifiedorder (364ms)
Server: nginx
Date: Tue, 13 Aug 2019 09:12:17 GMT
Content-Type: text/plain
Content-Length: 456
Connection: keep-alive
Keep-Alive: timeout=8

<xml><return_code><![CDATA[SUCCESS]]></return_code>
<return_msg><![CDATA[OK]]></return_msg>
<appid><![CDATA[wxd898fcb01713c658]]></appid>
<mch_id><![CDATA[1483469312]]></mch_id>
<nonce_str><![CDATA[jlG70WJApyhfV9FG]]></nonce_str>
<sign><![CDATA[365A270617D2FD4E1CE6717E242CF17A]]></sign>
<result_code><![CDATA[SUCCESS]]></result_code>
<prepay_id><![CDATA[wx13171217243995ef216503c21073826400]]></prepay_id>
<trade_type><![CDATA[JSAPI]]></trade_type>
</xml>
<-- END HTTP (456-byte body)
【微信支付】response={
  "appId": "wxd898fcb01713c658",
  "timeStamp": "1565687560",
  "nonceStr": "FW6rRT3yarVKjj6B",
  "packAge": "prepay_id\u003dwx13171217243995ef216503c21073826400",
  "signType": "MD5",
  "paySign": "DE1AC4A77C69BA466CF251ACDCF72FC2"
}
Shutting down ExecutorService 'applicationTaskExecutor'
Closing JPA EntityManagerFactory for persistence unit 'default'
HikariPool-1 - Shutdown initiated...
HikariPool-1 - Shutdown completed.
Starting SellApplication on dujiachengdeMacBook-Pro.local with PID 24286 (/Users/jc/IdeaProjects/springboot/sell/target/classes started by jc in /Users/jc/IdeaProjects/springboot/sell)
No active profile set, falling back to default profiles: default
Bootstrapping Spring Data repositories in DEFAULT mode.
Finished Spring Data repository scanning in 72ms. Found 4 repository interfaces.
Bean 'org.springframework.transaction.annotation.ProxyTransactionManagementConfiguration' of type [org.springframework.transaction.annotation.ProxyTransactionManagementConfiguration$$EnhancerBySpringCGLIB$$e49ae772] is not eligible for getting processed by all BeanPostProcessors (for example: not eligible for auto-proxying)
Tomcat initialized with port(s): 8080 (http)
Initializing ProtocolHandler ["http-nio-8080"]
Starting service [Tomcat]
Starting Servlet engine: [Apache Tomcat/9.0.21]
Initializing Spring embedded WebApplicationContext
Root WebApplicationContext: initialization completed in 1262 ms
HikariPool-1 - Starting...
HikariPool-1 - Start completed.
HHH000204: Processing PersistenceUnitInfo [
	name: default
	...]
HHH000412: Hibernate Core {5.3.10.Final}
HHH000206: hibernate.properties not found
HCANN000001: Hibernate Commons Annotations {5.0.4.Final}
HHH000400: Using dialect: org.hibernate.dialect.MySQL5Dialect
Initialized JPA EntityManagerFactory for persistence unit 'default'
Initializing ExecutorService 'applicationTaskExecutor'
spring.jpa.open-in-view is enabled by default. Therefore, database queries may be performed during view rendering. Explicitly configure spring.jpa.open-in-view to disable this warning
Starting ProtocolHandler ["http-nio-8080"]
Tomcat started on port(s): 8080 (http) with context path '/sell'
Started SellApplication in 4.037 seconds (JVM running for 4.484)
Initializing Spring DispatcherServlet 'dispatcherServlet'
Initializing Servlet 'dispatcherServlet'
Completed initialization in 7 ms
HHH000397: Using ASTQueryTranslatorFactory
【微信支付】request={
  "payTypeEnum": "WXPAY_H5",
  "orderId": "1563769911696261785",
  "orderAmount": 3.2,
  "orderName": "微信点餐订单",
  "openid": "oTgZpwTykQPhdjiI8rWYEgXjWhI8"
}
--> POST https://api.mch.weixin.qq.com/pay/unifiedorder http/1.1
Content-Type: application/xml; charset=utf-8
Content-Length: 493

<xml>
   <appid>wxd898fcb01713c658</appid>
   <mch_id>1483469312</mch_id>
   <nonce_str>u7FU4fZp15VeDDKE</nonce_str>
   <sign>EC8CCAE57C2BB0BB954E49DAA8772500</sign>
   <body>微信点餐订单</body>
   <notify_url>http://jachin2013.natapp1.cc/sell/pay/notify</notify_url>
   <openid>oTgZpwTykQPhdjiI8rWYEgXjWhI8</openid>
   <out_trade_no>1563769911696261785</out_trade_no>
   <spbill_create_ip>8.8.8.8</spbill_create_ip>
   <total_fee>320</total_fee>
   <trade_type>JSAPI</trade_type>
</xml>
--> END POST (493-byte body)
<-- 200 OK https://api.mch.weixin.qq.com/pay/unifiedorder (387ms)
Server: nginx
Date: Tue, 13 Aug 2019 09:12:34 GMT
Content-Type: text/plain
Content-Length: 456
Connection: keep-alive
Keep-Alive: timeout=8

<xml><return_code><![CDATA[SUCCESS]]></return_code>
<return_msg><![CDATA[OK]]></return_msg>
<appid><![CDATA[wxd898fcb01713c658]]></appid>
<mch_id><![CDATA[1483469312]]></mch_id>
<nonce_str><![CDATA[TRG0jQ9v4QDFwdhd]]></nonce_str>
<sign><![CDATA[87FE2F16EFE5B77BFEA805FF23ED1A51]]></sign>
<result_code><![CDATA[SUCCESS]]></result_code>
<prepay_id><![CDATA[wx13171234124141ef216503c21552655400]]></prepay_id>
<trade_type><![CDATA[JSAPI]]></trade_type>
</xml>
<-- END HTTP (456-byte body)
【微信支付】response={
  "appId": "wxd898fcb01713c658",
  "timeStamp": "1565687577",
  "nonceStr": "jx5fmZI8ZSnp9FEs",
  "packAge": "prepay_id\u003dwx13171234124141ef216503c21552655400",
  "signType": "MD5",
  "paySign": "A7C5ED39C4808D0FF1F49D9B693B3843"
}
Shutting down ExecutorService 'applicationTaskExecutor'
Closing JPA EntityManagerFactory for persistence unit 'default'
HikariPool-1 - Shutdown initiated...
HikariPool-1 - Shutdown completed.
Starting SellApplication on dujiachengdeMacBook-Pro.local with PID 24474 (/Users/jc/IdeaProjects/springboot/sell/target/classes started by jc in /Users/jc/IdeaProjects/springboot/sell)
No active profile set, falling back to default profiles: default
Bootstrapping Spring Data repositories in DEFAULT mode.
Finished Spring Data repository scanning in 83ms. Found 4 repository interfaces.
Bean 'org.springframework.transaction.annotation.ProxyTransactionManagementConfiguration' of type [org.springframework.transaction.annotation.ProxyTransactionManagementConfiguration$$EnhancerBySpringCGLIB$$86a0db01] is not eligible for getting processed by all BeanPostProcessors (for example: not eligible for auto-proxying)
Tomcat initialized with port(s): 8080 (http)
Initializing ProtocolHandler ["http-nio-8080"]
Starting service [Tomcat]
Starting Servlet engine: [Apache Tomcat/9.0.21]
Initializing Spring embedded WebApplicationContext
Root WebApplicationContext: initialization completed in 1337 ms
HikariPool-1 - Starting...
HikariPool-1 - Start completed.
HHH000204: Processing PersistenceUnitInfo [
	name: default
	...]
HHH000412: Hibernate Core {5.3.10.Final}
HHH000206: hibernate.properties not found
HCANN000001: Hibernate Commons Annotations {5.0.4.Final}
HHH000400: Using dialect: org.hibernate.dialect.MySQL5Dialect
Initialized JPA EntityManagerFactory for persistence unit 'default'
Initializing ExecutorService 'applicationTaskExecutor'
spring.jpa.open-in-view is enabled by default. Therefore, database queries may be performed during view rendering. Explicitly configure spring.jpa.open-in-view to disable this warning
Starting ProtocolHandler ["http-nio-8080"]
Tomcat started on port(s): 8080 (http) with context path '/sell'
Started SellApplication in 5.359 seconds (JVM running for 6.093)
Initializing Spring DispatcherServlet 'dispatcherServlet'
Initializing Servlet 'dispatcherServlet'
Completed initialization in 7 ms
HHH000397: Using ASTQueryTranslatorFactory
【微信支付】request={
  "payTypeEnum": "WXPAY_H5",
  "orderId": "1563769911696261785",
  "orderAmount": 3.2,
  "orderName": "微信点餐订单",
  "openid": "oTgZpwTykQPhdjiI8rWYEgXjWhI8"
}
--> POST https://api.mch.weixin.qq.com/pay/unifiedorder http/1.1
Content-Type: application/xml; charset=utf-8
Content-Length: 493

<xml>
   <appid>wxd898fcb01713c658</appid>
   <mch_id>1483469312</mch_id>
   <nonce_str>olDSs5Gg3Q62xdbK</nonce_str>
   <sign>19E4817648C7B217A59D01B5F8CBBF0D</sign>
   <body>微信点餐订单</body>
   <notify_url>http://jachin2013.natapp1.cc/sell/pay/notify</notify_url>
   <openid>oTgZpwTykQPhdjiI8rWYEgXjWhI8</openid>
   <out_trade_no>1563769911696261785</out_trade_no>
   <spbill_create_ip>8.8.8.8</spbill_create_ip>
   <total_fee>320</total_fee>
   <trade_type>JSAPI</trade_type>
</xml>
--> END POST (493-byte body)
<-- 200 OK https://api.mch.weixin.qq.com/pay/unifiedorder (1067ms)
Server: nginx
Date: Tue, 13 Aug 2019 09:59:27 GMT
Content-Type: text/plain
Content-Length: 456
Connection: keep-alive
Keep-Alive: timeout=8

<xml><return_code><![CDATA[SUCCESS]]></return_code>
<return_msg><![CDATA[OK]]></return_msg>
<appid><![CDATA[wxd898fcb01713c658]]></appid>
<mch_id><![CDATA[1483469312]]></mch_id>
<nonce_str><![CDATA[wWwFn4uf5Rdit4kn]]></nonce_str>
<sign><![CDATA[DB0636E687940222AE32662F81357263]]></sign>
<result_code><![CDATA[SUCCESS]]></result_code>
<prepay_id><![CDATA[wx13175927284894ef216503c21348962700]]></prepay_id>
<trade_type><![CDATA[JSAPI]]></trade_type>
</xml>
<-- END HTTP (456-byte body)
【微信支付】response={
  "appId": "wxd898fcb01713c658",
  "timeStamp": "1565690390",
  "nonceStr": "kIwirKytxTOgAm4f",
  "packAge": "prepay_id\u003dwx13175927284894ef216503c21348962700",
  "signType": "MD5",
  "paySign": "581CF96F0EECE58F02487BC968EFB767"
}
【微信支付】request={
  "payTypeEnum": "WXPAY_H5",
  "orderId": "1563769911696261785",
  "orderAmount": 3.2,
  "orderName": "微信点餐订单",
  "openid": "oTgZpwTykQPhdjiI8rWYEgXjWhI8"
}
--> POST https://api.mch.weixin.qq.com/pay/unifiedorder http/1.1
Content-Type: application/xml; charset=utf-8
Content-Length: 493

<xml>
   <appid>wxd898fcb01713c658</appid>
   <mch_id>1483469312</mch_id>
   <nonce_str>QLvWs4HHXqUgfYHD</nonce_str>
   <sign>79DADC741BF3D22D7FA23E6A2CA2243E</sign>
   <body>微信点餐订单</body>
   <notify_url>http://jachin2013.natapp1.cc/sell/pay/notify</notify_url>
   <openid>oTgZpwTykQPhdjiI8rWYEgXjWhI8</openid>
   <out_trade_no>1563769911696261785</out_trade_no>
   <spbill_create_ip>8.8.8.8</spbill_create_ip>
   <total_fee>320</total_fee>
   <trade_type>JSAPI</trade_type>
</xml>
--> END POST (493-byte body)
<-- 200 OK https://api.mch.weixin.qq.com/pay/unifiedorder (374ms)
Server: nginx
Date: Tue, 13 Aug 2019 09:59:39 GMT
Content-Type: text/plain
Content-Length: 456
Connection: keep-alive
Keep-Alive: timeout=8

<xml><return_code><![CDATA[SUCCESS]]></return_code>
<return_msg><![CDATA[OK]]></return_msg>
<appid><![CDATA[wxd898fcb01713c658]]></appid>
<mch_id><![CDATA[1483469312]]></mch_id>
<nonce_str><![CDATA[f8jkafZj9k7qAZzf]]></nonce_str>
<sign><![CDATA[BE5CDB55224FA819918AB357D33CEE22]]></sign>
<result_code><![CDATA[SUCCESS]]></result_code>
<prepay_id><![CDATA[wx13175939715072ef216503c21401549700]]></prepay_id>
<trade_type><![CDATA[JSAPI]]></trade_type>
</xml>
<-- END HTTP (456-byte body)
【微信支付】response={
  "appId": "wxd898fcb01713c658",
  "timeStamp": "1565690402",
  "nonceStr": "Pf3U0t8Bh8262Nq5",
  "packAge": "prepay_id\u003dwx13175939715072ef216503c21401549700",
  "signType": "MD5",
  "paySign": "A543F2052B6D240B232F0E3765DC3ECF"
}
Shutting down ExecutorService 'applicationTaskExecutor'
Closing JPA EntityManagerFactory for persistence unit 'default'
HikariPool-1 - Shutdown initiated...
HikariPool-1 - Shutdown completed.
Starting SellApplication on dujiachengdeMacBook-Pro.local with PID 24490 (/Users/jc/IdeaProjects/springboot/sell/target/classes started by jc in /Users/jc/IdeaProjects/springboot/sell)
No active profile set, falling back to default profiles: default
Bootstrapping Spring Data repositories in DEFAULT mode.
Finished Spring Data repository scanning in 71ms. Found 4 repository interfaces.
Bean 'org.springframework.transaction.annotation.ProxyTransactionManagementConfiguration' of type [org.springframework.transaction.annotation.ProxyTransactionManagementConfiguration$$EnhancerBySpringCGLIB$$c6774a7d] is not eligible for getting processed by all BeanPostProcessors (for example: not eligible for auto-proxying)
Tomcat initialized with port(s): 8080 (http)
Initializing ProtocolHandler ["http-nio-8080"]
Starting service [Tomcat]
Starting Servlet engine: [Apache Tomcat/9.0.21]
Initializing Spring embedded WebApplicationContext
Root WebApplicationContext: initialization completed in 1287 ms
HikariPool-1 - Starting...
HikariPool-1 - Start completed.
HHH000204: Processing PersistenceUnitInfo [
	name: default
	...]
HHH000412: Hibernate Core {5.3.10.Final}
HHH000206: hibernate.properties not found
HCANN000001: Hibernate Commons Annotations {5.0.4.Final}
HHH000400: Using dialect: org.hibernate.dialect.MySQL5Dialect
Initialized JPA EntityManagerFactory for persistence unit 'default'
Initializing ExecutorService 'applicationTaskExecutor'
spring.jpa.open-in-view is enabled by default. Therefore, database queries may be performed during view rendering. Explicitly configure spring.jpa.open-in-view to disable this warning
Starting ProtocolHandler ["http-nio-8080"]
Tomcat started on port(s): 8080 (http) with context path '/sell'
Started SellApplication in 6.34 seconds (JVM running for 7.122)
Initializing Spring DispatcherServlet 'dispatcherServlet'
Initializing Servlet 'dispatcherServlet'
Completed initialization in 7 ms
HHH000397: Using ASTQueryTranslatorFactory
【微信支付】request={
  "payTypeEnum": "WXPAY_H5",
  "orderId": "1563769911696261785",
  "orderAmount": 0.2,
  "orderName": "微信点餐订单",
  "openid": "oTgZpwTykQPhdjiI8rWYEgXjWhI8"
}
--> POST https://api.mch.weixin.qq.com/pay/unifiedorder http/1.1
Content-Type: application/xml; charset=utf-8
Content-Length: 492

<xml>
   <appid>wxd898fcb01713c658</appid>
   <mch_id>1483469312</mch_id>
   <nonce_str>KGSR6BR40Fz1rJy2</nonce_str>
   <sign>F47B27A09E861DBED2354668D1EC5104</sign>
   <body>微信点餐订单</body>
   <notify_url>http://jachin2013.natapp1.cc/sell/pay/notify</notify_url>
   <openid>oTgZpwTykQPhdjiI8rWYEgXjWhI8</openid>
   <out_trade_no>1563769911696261785</out_trade_no>
   <spbill_create_ip>8.8.8.8</spbill_create_ip>
   <total_fee>20</total_fee>
   <trade_type>JSAPI</trade_type>
</xml>
--> END POST (492-byte body)
<-- 200 OK https://api.mch.weixin.qq.com/pay/unifiedorder (732ms)
Server: nginx
Date: Tue, 13 Aug 2019 10:05:23 GMT
Content-Type: text/plain
Content-Length: 454
Connection: keep-alive
Keep-Alive: timeout=8

<xml><return_code><![CDATA[SUCCESS]]></return_code>
<return_msg><![CDATA[OK]]></return_msg>
<appid><![CDATA[wxd898fcb01713c658]]></appid>
<mch_id><![CDATA[1483469312]]></mch_id>
<nonce_str><![CDATA[iBETUOLSqBF1DkvX]]></nonce_str>
<sign><![CDATA[4FC5B27F1C1060FF7627D8F67040DAA6]]></sign>
<result_code><![CDATA[FAIL]]></result_code>
<err_code><![CDATA[INVALID_REQUEST]]></err_code>
<err_code_des><![CDATA[201 商户订单号重复]]></err_code_des>
</xml>
<-- END HTTP (454-byte body)
【微信支付】request={
  "payTypeEnum": "WXPAY_H5",
  "orderId": "1563773466077936096",
  "orderAmount": 0.02,
  "orderName": "微信点餐订单",
  "openid": "110110"
}
--> POST https://api.mch.weixin.qq.com/pay/unifiedorder http/1.1
Content-Type: application/xml; charset=utf-8
Content-Length: 469

<xml>
   <appid>wxd898fcb01713c658</appid>
   <mch_id>1483469312</mch_id>
   <nonce_str>FsFU87tR4Q1zwY5n</nonce_str>
   <sign>6582E796E4F3A6D28E79E325454D240E</sign>
   <body>微信点餐订单</body>
   <notify_url>http://jachin2013.natapp1.cc/sell/pay/notify</notify_url>
   <openid>110110</openid>
   <out_trade_no>1563773466077936096</out_trade_no>
   <spbill_create_ip>8.8.8.8</spbill_create_ip>
   <total_fee>2</total_fee>
   <trade_type>JSAPI</trade_type>
</xml>
--> END POST (469-byte body)
<-- 200 OK https://api.mch.weixin.qq.com/pay/unifiedorder (382ms)
Server: nginx
Date: Tue, 13 Aug 2019 10:08:04 GMT
Content-Type: text/plain
Content-Length: 440
Connection: keep-alive
Keep-Alive: timeout=8

<xml><return_code><![CDATA[SUCCESS]]></return_code>
<return_msg><![CDATA[OK]]></return_msg>
<appid><![CDATA[wxd898fcb01713c658]]></appid>
<mch_id><![CDATA[1483469312]]></mch_id>
<nonce_str><![CDATA[0NLjaY1tIYNAl1Eq]]></nonce_str>
<sign><![CDATA[3B06842CF3A9D6676D9D1E01E32A8081]]></sign>
<result_code><![CDATA[FAIL]]></result_code>
<err_code><![CDATA[PARAM_ERROR]]></err_code>
<err_code_des><![CDATA[无效的openid]]></err_code_des>
</xml>
<-- END HTTP (440-byte body)
【微信支付】request={
  "payTypeEnum": "WXPAY_H5",
  "orderId": "1563773856498477044",
  "orderAmount": 0.01,
  "orderName": "微信点餐订单",
  "openid": "110110"
}
--> POST https://api.mch.weixin.qq.com/pay/unifiedorder http/1.1
Content-Type: application/xml; charset=utf-8
Content-Length: 469

<xml>
   <appid>wxd898fcb01713c658</appid>
   <mch_id>1483469312</mch_id>
   <nonce_str>Nz7EefKEypPDuMPp</nonce_str>
   <sign>4F7FBDF5272692A64DD09C10905D1757</sign>
   <body>微信点餐订单</body>
   <notify_url>http://jachin2013.natapp1.cc/sell/pay/notify</notify_url>
   <openid>110110</openid>
   <out_trade_no>1563773856498477044</out_trade_no>
   <spbill_create_ip>8.8.8.8</spbill_create_ip>
   <total_fee>1</total_fee>
   <trade_type>JSAPI</trade_type>
</xml>
--> END POST (469-byte body)
<-- 200 OK https://api.mch.weixin.qq.com/pay/unifiedorder (285ms)
Server: nginx
Date: Tue, 13 Aug 2019 10:09:20 GMT
Content-Type: text/plain
Content-Length: 440
Connection: keep-alive
Keep-Alive: timeout=8

<xml><return_code><![CDATA[SUCCESS]]></return_code>
<return_msg><![CDATA[OK]]></return_msg>
<appid><![CDATA[wxd898fcb01713c658]]></appid>
<mch_id><![CDATA[1483469312]]></mch_id>
<nonce_str><![CDATA[GmhPEXfhOOQpPze7]]></nonce_str>
<sign><![CDATA[2C94407F4C4C1168C380A5239CB47D2B]]></sign>
<result_code><![CDATA[FAIL]]></result_code>
<err_code><![CDATA[PARAM_ERROR]]></err_code>
<err_code_des><![CDATA[无效的openid]]></err_code_des>
</xml>
<-- END HTTP (440-byte body)
【微信支付】request={
  "payTypeEnum": "WXPAY_H5",
  "orderId": "1563773466077936096",
  "orderAmount": 0.02,
  "orderName": "微信点餐订单",
  "openid": "110110"
}
--> POST https://api.mch.weixin.qq.com/pay/unifiedorder http/1.1
Content-Type: application/xml; charset=utf-8
Content-Length: 469

<xml>
   <appid>wxd898fcb01713c658</appid>
   <mch_id>1483469312</mch_id>
   <nonce_str>ZyL0rFyqzT37hsE0</nonce_str>
   <sign>D9D3C3F27BF672403151289ED642A28C</sign>
   <body>微信点餐订单</body>
   <notify_url>http://jachin2013.natapp1.cc/sell/pay/notify</notify_url>
   <openid>110110</openid>
   <out_trade_no>1563773466077936096</out_trade_no>
   <spbill_create_ip>8.8.8.8</spbill_create_ip>
   <total_fee>2</total_fee>
   <trade_type>JSAPI</trade_type>
</xml>
--> END POST (469-byte body)
<-- 200 OK https://api.mch.weixin.qq.com/pay/unifiedorder (852ms)
Server: nginx
Date: Tue, 13 Aug 2019 10:11:55 GMT
Content-Type: text/plain
Content-Length: 440
Connection: keep-alive
Keep-Alive: timeout=8

<xml><return_code><![CDATA[SUCCESS]]></return_code>
<return_msg><![CDATA[OK]]></return_msg>
<appid><![CDATA[wxd898fcb01713c658]]></appid>
<mch_id><![CDATA[1483469312]]></mch_id>
<nonce_str><![CDATA[74FliwLBp4LAZl14]]></nonce_str>
<sign><![CDATA[2C7A585E34D3DEF96FC1E4AF91E07E67]]></sign>
<result_code><![CDATA[FAIL]]></result_code>
<err_code><![CDATA[PARAM_ERROR]]></err_code>
<err_code_des><![CDATA[无效的openid]]></err_code_des>
</xml>
<-- END HTTP (440-byte body)
【微信支付】request={
  "payTypeEnum": "WXPAY_H5",
  "orderId": "1563769911696261785",
  "orderAmount": 0.2,
  "orderName": "微信点餐订单",
  "openid": "oTgZpwTykQPhdjiI8rWYEgXjWhI8"
}
--> POST https://api.mch.weixin.qq.com/pay/unifiedorder http/1.1
Content-Type: application/xml; charset=utf-8
Content-Length: 492

<xml>
   <appid>wxd898fcb01713c658</appid>
   <mch_id>1483469312</mch_id>
   <nonce_str>vRhAhIhGB9sukFbs</nonce_str>
   <sign>27E4041C6B56E9070E517593AEBF5F0B</sign>
   <body>微信点餐订单</body>
   <notify_url>http://jachin2013.natapp1.cc/sell/pay/notify</notify_url>
   <openid>oTgZpwTykQPhdjiI8rWYEgXjWhI8</openid>
   <out_trade_no>1563769911696261785</out_trade_no>
   <spbill_create_ip>8.8.8.8</spbill_create_ip>
   <total_fee>20</total_fee>
   <trade_type>JSAPI</trade_type>
</xml>
--> END POST (492-byte body)
<-- 200 OK https://api.mch.weixin.qq.com/pay/unifiedorder (1177ms)
Server: nginx
Date: Tue, 13 Aug 2019 10:12:04 GMT
Content-Type: text/plain
Content-Length: 454
Connection: keep-alive
Keep-Alive: timeout=8

<xml><return_code><![CDATA[SUCCESS]]></return_code>
<return_msg><![CDATA[OK]]></return_msg>
<appid><![CDATA[wxd898fcb01713c658]]></appid>
<mch_id><![CDATA[1483469312]]></mch_id>
<nonce_str><![CDATA[uIcxU0fUskZH9dYS]]></nonce_str>
<sign><![CDATA[7E172C924A60FE0C6536899C45ACA7A1]]></sign>
<result_code><![CDATA[FAIL]]></result_code>
<err_code><![CDATA[INVALID_REQUEST]]></err_code>
<err_code_des><![CDATA[201 商户订单号重复]]></err_code_des>
</xml>
<-- END HTTP (454-byte body)
【微信支付】request={
  "payTypeEnum": "WXPAY_H5",
  "orderId": "1563769911696261783",
  "orderAmount": 0.01,
  "orderName": "微信点餐订单",
  "openid": "oTgZpwTykQPhdjiI8rWYEgXjWhI8"
}
--> POST https://api.mch.weixin.qq.com/pay/unifiedorder http/1.1
Content-Type: application/xml; charset=utf-8
Content-Length: 491

<xml>
   <appid>wxd898fcb01713c658</appid>
   <mch_id>1483469312</mch_id>
   <nonce_str>FDIw9kZwbroZWci2</nonce_str>
   <sign>2DAC0A1F923E8A3E9B24AFCD7FFA6131</sign>
   <body>微信点餐订单</body>
   <notify_url>http://jachin2013.natapp1.cc/sell/pay/notify</notify_url>
   <openid>oTgZpwTykQPhdjiI8rWYEgXjWhI8</openid>
   <out_trade_no>1563769911696261783</out_trade_no>
   <spbill_create_ip>8.8.8.8</spbill_create_ip>
   <total_fee>1</total_fee>
   <trade_type>JSAPI</trade_type>
</xml>
--> END POST (491-byte body)
<-- 200 OK https://api.mch.weixin.qq.com/pay/unifiedorder (486ms)
Server: nginx
Date: Tue, 13 Aug 2019 10:14:13 GMT
Content-Type: text/plain
Content-Length: 456
Connection: keep-alive
Keep-Alive: timeout=8

<xml><return_code><![CDATA[SUCCESS]]></return_code>
<return_msg><![CDATA[OK]]></return_msg>
<appid><![CDATA[wxd898fcb01713c658]]></appid>
<mch_id><![CDATA[1483469312]]></mch_id>
<nonce_str><![CDATA[sURIlGj5PtLXqpOB]]></nonce_str>
<sign><![CDATA[4733CD58771577550BDF029214340B01]]></sign>
<result_code><![CDATA[SUCCESS]]></result_code>
<prepay_id><![CDATA[wx131814134366296bf9339a1a1112561100]]></prepay_id>
<trade_type><![CDATA[JSAPI]]></trade_type>
</xml>
<-- END HTTP (456-byte body)
【微信支付】response={
  "appId": "wxd898fcb01713c658",
  "timeStamp": "1565691276",
  "nonceStr": "Wg2PXd7Kij7Ly8q4",
  "packAge": "prepay_id\u003dwx131814134366296bf9339a1a1112561100",
  "signType": "MD5",
  "paySign": "A3A9FECF8A155DFAFA14CFF6FFA0C84E"
}
【微信支付】request={
  "payTypeEnum": "WXPAY_H5",
  "orderId": "1563769911696261783",
  "orderAmount": 0.01,
  "orderName": "微信点餐订单",
  "openid": "oTgZpwTykQPhdjiI8rWYEgXjWhI8"
}
--> POST https://api.mch.weixin.qq.com/pay/unifiedorder http/1.1
Content-Type: application/xml; charset=utf-8
Content-Length: 491

<xml>
   <appid>wxd898fcb01713c658</appid>
   <mch_id>1483469312</mch_id>
   <nonce_str>HFc7mwkbqmhsRNsd</nonce_str>
   <sign>07EBAFE6FCF1467E49AFD49A8647F137</sign>
   <body>微信点餐订单</body>
   <notify_url>http://jachin2013.natapp1.cc/sell/pay/notify</notify_url>
   <openid>oTgZpwTykQPhdjiI8rWYEgXjWhI8</openid>
   <out_trade_no>1563769911696261783</out_trade_no>
   <spbill_create_ip>8.8.8.8</spbill_create_ip>
   <total_fee>1</total_fee>
   <trade_type>JSAPI</trade_type>
</xml>
--> END POST (491-byte body)
<-- 200 OK https://api.mch.weixin.qq.com/pay/unifiedorder (409ms)
Server: nginx
Date: Tue, 13 Aug 2019 10:15:18 GMT
Content-Type: text/plain
Content-Length: 456
Connection: keep-alive
Keep-Alive: timeout=8

<xml><return_code><![CDATA[SUCCESS]]></return_code>
<return_msg><![CDATA[OK]]></return_msg>
<appid><![CDATA[wxd898fcb01713c658]]></appid>
<mch_id><![CDATA[1483469312]]></mch_id>
<nonce_str><![CDATA[U47661kRgujXXTcG]]></nonce_str>
<sign><![CDATA[1F778602480C22036677001540E380C1]]></sign>
<result_code><![CDATA[SUCCESS]]></result_code>
<prepay_id><![CDATA[wx131815183397326bf9339a1a1812927700]]></prepay_id>
<trade_type><![CDATA[JSAPI]]></trade_type>
</xml>
<-- END HTTP (456-byte body)
【微信支付】response={
  "appId": "wxd898fcb01713c658",
  "timeStamp": "1565691341",
  "nonceStr": "X4nXStp4ZbwhwBNM",
  "packAge": "prepay_id\u003dwx131815183397326bf9339a1a1812927700",
  "signType": "MD5",
  "paySign": "BBBE7437A64DCFF81750508C2F447E59"
}
HikariPool-1 - Failed to validate connection com.mysql.cj.jdbc.ConnectionImpl@735e5ec3 (No operations allowed after connection closed.). Possibly consider using a shorter maxLifetime value.
HikariPool-1 - Failed to validate connection com.mysql.cj.jdbc.ConnectionImpl@65854dbf (No operations allowed after connection closed.). Possibly consider using a shorter maxLifetime value.
HikariPool-1 - Failed to validate connection com.mysql.cj.jdbc.ConnectionImpl@5ac016dd (No operations allowed after connection closed.). Possibly consider using a shorter maxLifetime value.
HikariPool-1 - Failed to validate connection com.mysql.cj.jdbc.ConnectionImpl@39c4ef58 (No operations allowed after connection closed.). Possibly consider using a shorter maxLifetime value.
HikariPool-1 - Failed to validate connection com.mysql.cj.jdbc.ConnectionImpl@6239d834 (No operations allowed after connection closed.). Possibly consider using a shorter maxLifetime value.
HikariPool-1 - Failed to validate connection com.mysql.cj.jdbc.ConnectionImpl@9551f31 (No operations allowed after connection closed.). Possibly consider using a shorter maxLifetime value.
SQL Error: 0, SQLState: 08003
【微信支付】request={
  "payTypeEnum": "WXPAY_H5",
  "orderId": "1563769911696261783",
  "orderAmount": 0.01,
  "orderName": "微信点餐订单",
  "openid": "oTgZpwTykQPhdjiI8rWYEgXjWhI8"
}
--> POST https://api.mch.weixin.qq.com/pay/unifiedorder http/1.1
Content-Type: application/xml; charset=utf-8
Content-Length: 491

<xml>
   <appid>wxd898fcb01713c658</appid>
   <mch_id>1483469312</mch_id>
   <nonce_str>HtMRBmPxMKeN7hBy</nonce_str>
   <sign>5F7C68F47A9C5C2CA21B360C1AAEA77C</sign>
   <body>微信点餐订单</body>
   <notify_url>http://jachin2013.natapp1.cc/sell/pay/notify</notify_url>
   <openid>oTgZpwTykQPhdjiI8rWYEgXjWhI8</openid>
   <out_trade_no>1563769911696261783</out_trade_no>
   <spbill_create_ip>8.8.8.8</spbill_create_ip>
   <total_fee>1</total_fee>
   <trade_type>JSAPI</trade_type>
</xml>
--> END POST (491-byte body)
<-- 200 OK https://api.mch.weixin.qq.com/pay/unifiedorder (347ms)
Server: nginx
Date: Tue, 13 Aug 2019 10:34:43 GMT
Content-Type: text/plain
Content-Length: 456
Connection: keep-alive
Keep-Alive: timeout=8

<xml><return_code><![CDATA[SUCCESS]]></return_code>
<return_msg><![CDATA[OK]]></return_msg>
<appid><![CDATA[wxd898fcb01713c658]]></appid>
<mch_id><![CDATA[1483469312]]></mch_id>
<nonce_str><![CDATA[TxzcXOAst2h4cliJ]]></nonce_str>
<sign><![CDATA[43896EE266B599E48AD60F12826A5D72]]></sign>
<result_code><![CDATA[SUCCESS]]></result_code>
<prepay_id><![CDATA[wx131834436048146bf9339a1a1045730800]]></prepay_id>
<trade_type><![CDATA[JSAPI]]></trade_type>
</xml>
<-- END HTTP (456-byte body)
【微信支付】response={
  "appId": "wxd898fcb01713c658",
  "timeStamp": "1565692506",
  "nonceStr": "OAUztf8wfe3Haiyu",
  "packAge": "prepay_id\u003dwx131834436048146bf9339a1a1045730800",
  "signType": "MD5",
  "paySign": "9D73425401CC8014EEC1958C7C3F6FD7"
}
【微信支付】request={
  "payTypeEnum": "WXPAY_H5",
  "orderId": "1563769911696261783",
  "orderAmount": 0.01,
  "orderName": "微信点餐订单",
  "openid": "oTgZpwTykQPhdjiI8rWYEgXjWhI8"
}
--> POST https://api.mch.weixin.qq.com/pay/unifiedorder http/1.1
Content-Type: application/xml; charset=utf-8
Content-Length: 491

<xml>
   <appid>wxd898fcb01713c658</appid>
   <mch_id>1483469312</mch_id>
   <nonce_str>mFd0zn76uyDV1dek</nonce_str>
   <sign>D65033E182A37438E0907CAB251121A9</sign>
   <body>微信点餐订单</body>
   <notify_url>http://jachin2013.natapp1.cc/sell/pay/notify</notify_url>
   <openid>oTgZpwTykQPhdjiI8rWYEgXjWhI8</openid>
   <out_trade_no>1563769911696261783</out_trade_no>
   <spbill_create_ip>8.8.8.8</spbill_create_ip>
   <total_fee>1</total_fee>
   <trade_type>JSAPI</trade_type>
</xml>
--> END POST (491-byte body)
<-- 200 OK https://api.mch.weixin.qq.com/pay/unifiedorder (328ms)
Server: nginx
Date: Tue, 13 Aug 2019 10:34:53 GMT
Content-Type: text/plain
Content-Length: 456
Connection: keep-alive
Keep-Alive: timeout=8

<xml><return_code><![CDATA[SUCCESS]]></return_code>
<return_msg><![CDATA[OK]]></return_msg>
<appid><![CDATA[wxd898fcb01713c658]]></appid>
<mch_id><![CDATA[1483469312]]></mch_id>
<nonce_str><![CDATA[gMti9ZuYTk82uEFq]]></nonce_str>
<sign><![CDATA[65ECA927C33E0C3FE6F5107D76B0A2FF]]></sign>
<result_code><![CDATA[SUCCESS]]></result_code>
<prepay_id><![CDATA[wx131834539376136bf9339a1a1826070600]]></prepay_id>
<trade_type><![CDATA[JSAPI]]></trade_type>
</xml>
<-- END HTTP (456-byte body)
【微信支付】response={
  "appId": "wxd898fcb01713c658",
  "timeStamp": "1565692516",
  "nonceStr": "l5BL9xUDuMoBTBCA",
  "packAge": "prepay_id\u003dwx131834539376136bf9339a1a1826070600",
  "signType": "MD5",
  "paySign": "FB00DCFD8D993182CBD8A62B9749DC76"
}
HikariPool-1 - Failed to validate connection com.mysql.cj.jdbc.ConnectionImpl@401b6d1b (No operations allowed after connection closed.). Possibly consider using a shorter maxLifetime value.
HikariPool-1 - Failed to validate connection com.mysql.cj.jdbc.ConnectionImpl@c1c5539 (No operations allowed after connection closed.). Possibly consider using a shorter maxLifetime value.
HikariPool-1 - Failed to validate connection com.mysql.cj.jdbc.ConnectionImpl@6c949605 (No operations allowed after connection closed.). Possibly consider using a shorter maxLifetime value.
HikariPool-1 - Failed to validate connection com.mysql.cj.jdbc.ConnectionImpl@55933716 (No operations allowed after connection closed.). Possibly consider using a shorter maxLifetime value.
HikariPool-1 - Failed to validate connection com.mysql.cj.jdbc.ConnectionImpl@864cfa4 (No operations allowed after connection closed.). Possibly consider using a shorter maxLifetime value.
HikariPool-1 - Failed to validate connection com.mysql.cj.jdbc.ConnectionImpl@3ff6a240 (No operations allowed after connection closed.). Possibly consider using a shorter maxLifetime value.
SQL Error: 0, SQLState: 08003
HikariPool-1 - Thread starvation or clock leap detected (housekeeper delta=49s722ms).
HikariPool-1 - Thread starvation or clock leap detected (housekeeper delta=9m49s223ms).
HikariPool-1 - Thread starvation or clock leap detected (housekeeper delta=9m48s17ms).
HikariPool-1 - Thread starvation or clock leap detected (housekeeper delta=9m47s28ms).
HikariPool-1 - Thread starvation or clock leap detected (housekeeper delta=9m48s806ms).
HikariPool-1 - Thread starvation or clock leap detected (housekeeper delta=9m47s867ms).
HikariPool-1 - Thread starvation or clock leap detected (housekeeper delta=9m47s822ms).
HikariPool-1 - Thread starvation or clock leap detected (housekeeper delta=9m47s903ms).
HikariPool-1 - Thread starvation or clock leap detected (housekeeper delta=9m47s843ms).
HikariPool-1 - Thread starvation or clock leap detected (housekeeper delta=9m48s825ms).
HikariPool-1 - Thread starvation or clock leap detected (housekeeper delta=9m47s806ms).
HikariPool-1 - Thread starvation or clock leap detected (housekeeper delta=9m3s719ms).
HikariPool-1 - Thread starvation or clock leap detected (housekeeper delta=8m31s195ms).
HikariPool-1 - Thread starvation or clock leap detected (housekeeper delta=9m47s921ms).
HikariPool-1 - Thread starvation or clock leap detected (housekeeper delta=9m48s634ms).
HikariPool-1 - Thread starvation or clock leap detected (housekeeper delta=9m47s911ms).
HikariPool-1 - Thread starvation or clock leap detected (housekeeper delta=9m48s275ms).
HikariPool-1 - Thread starvation or clock leap detected (housekeeper delta=9m48s808ms).
HikariPool-1 - Thread starvation or clock leap detected (housekeeper delta=9m47s201ms).
HikariPool-1 - Thread starvation or clock leap detected (housekeeper delta=9m48s278ms).
HikariPool-1 - Thread starvation or clock leap detected (housekeeper delta=9m47s564ms).
HikariPool-1 - Thread starvation or clock leap detected (housekeeper delta=9m48s259ms).
HikariPool-1 - Thread starvation or clock leap detected (housekeeper delta=9m48s385ms).
HikariPool-1 - Thread starvation or clock leap detected (housekeeper delta=9m47s316ms).
